语法

    0 $accept: Program $end

    1 Program: ExtDefList

    2 ExtDefList: ExtDef ExtDefList
    3           | ε

    4 ExtDef: Specifier ExtDecList SEMI
    5       | Specifier SEMI
    6       | error SEMI
    7       | Specifier FunDec CompSt

    8 ExtDecList: VarDec
    9           | VarDec COMMA ExtDecList

   10 Specifier: TYPE
   11          | StructSpecifier

   12 StructSpecifier: STRUCT OptTag LC DefList RC
   13                | STRUCT Tag

   14 OptTag: ID
   15       | ε

   16 Tag: ID

   17 FunDec: ID LP VarList RP
   18       | ID LP RP

   19 VarDec: ID
   20       | VarDec LB INT RB

   21 VarList: ParamDec COMMA VarList
   22        | ParamDec

   23 ParamDec: Specifier VarDec

   24 CompSt: LC DefList StmtList RC

   25 StmtList: Stmt StmtList
   26         | ε

   27 Stmt: Exp SEMI
   28     | CompSt
   29     | RETURN Exp SEMI
   30     | IF LP Exp RP Stmt
   31     | IF LP Exp RP Stmt ELSE Stmt
   32     | WHILE LP Exp RP Stmt
   33     | error SEMI
   34     | error RP
   35     | Exp error SEMI

   36 DefList: Def DefList
   37        | ε

   38 Def: Specifier DecList SEMI
   39    | Specifier DecList error SEMI
   40    | Specifier error SEMI

   41 DecList: Dec
   42        | Dec COMMA DecList

   43 Dec: VarDec
   44    | VarDec ASSIGNOP Exp

   45 Exp: Exp ASSIGNOP Exp
   46    | Exp AND Exp
   47    | Exp OR Exp
   48    | Exp RELOP Exp
   49    | Exp PLUS Exp
   50    | Exp MINUS Exp
   51    | Exp STAR Exp
   52    | Exp DIV Exp
   53    | LP Exp RP
   54    | MINUS Exp
   55    | NOT Exp
   56    | ID LP Args RP
   57    | ID LP RP
   58    | Exp LB Exp RB
   59    | Exp DOT ID
   60    | ID
   61    | INT
   62    | FLOAT

   63 Args: Exp COMMA Args
   64     | Exp


终结语词，附有它们出现处的规则

    $end (0) 0
    error (256) 6 33 34 35 39 40
    INT <node> (258) 20 61
    FLOAT <node> (259) 62
    ID <node> (260) 14 16 17 18 19 56 57 59 60
    TYPE <node> (261) 10
    COMMA <node> (262) 9 21 42 63
    DOT <node> (263) 59
    SEMI <node> (264) 4 5 6 27 29 33 35 38 39 40
    RELOP <node> (265) 48
    ASSIGNOP <node> (266) 44 45
    PLUS <node> (267) 49
    MINUS <node> (268) 50 54
    STAR <node> (269) 51
    DIV <node> (270) 52
    AND <node> (271) 46
    OR <node> (272) 47
    NOT <node> (273) 55
    LP <node> (274) 17 18 30 31 32 53 56 57
    RP <node> (275) 17 18 30 31 32 34 53 56 57
    LB <node> (276) 20 58
    RB <node> (277) 20 58
    LC <node> (278) 12 24
    RC <node> (279) 12 24
    IF <node> (280) 30 31
    ELSE <node> (281) 31
    WHILE <node> (282) 32
    STRUCT <node> (283) 12 13
    RETURN <node> (284) 29
    LOWER_THAN_ELSE (285)


非终结语词，附有它们出现处的规则

    $accept (31)
        on left: 0
    Program <node> (32)
        on left: 1
        on right: 0
    ExtDefList <node> (33)
        on left: 2 3
        on right: 1 2
    ExtDef <node> (34)
        on left: 4 5 6 7
        on right: 2
    ExtDecList <node> (35)
        on left: 8 9
        on right: 4 9
    Specifier <node> (36)
        on left: 10 11
        on right: 4 5 7 23 38 39 40
    StructSpecifier <node> (37)
        on left: 12 13
        on right: 11
    OptTag <node> (38)
        on left: 14 15
        on right: 12
    Tag <node> (39)
        on left: 16
        on right: 13
    FunDec <node> (40)
        on left: 17 18
        on right: 7
    VarDec <node> (41)
        on left: 19 20
        on right: 8 9 20 23 43 44
    VarList <node> (42)
        on left: 21 22
        on right: 17 21
    ParamDec <node> (43)
        on left: 23
        on right: 21 22
    CompSt <node> (44)
        on left: 24
        on right: 7 28
    StmtList <node> (45)
        on left: 25 26
        on right: 24 25
    Stmt <node> (46)
        on left: 27 28 29 30 31 32 33 34 35
        on right: 25 30 31 32
    DefList <node> (47)
        on left: 36 37
        on right: 12 24 36
    Def <node> (48)
        on left: 38 39 40
        on right: 36
    DecList <node> (49)
        on left: 41 42
        on right: 38 39 42
    Dec <node> (50)
        on left: 43 44
        on right: 41 42
    Exp <node> (51)
        on left: 45 46 47 48 49 50 51 52 53 54 55 56 57 58 59 60 61 62
        on right: 27 29 30 31 32 35 44 45 46 47 48 49 50 51 52 53 54 55 58 59 63 64
    Args <node> (52)
        on left: 63 64
        on right: 56 63


状态 0

    0 $accept: • Program $end

    error   偏移，并进入状态 1
    TYPE    偏移，并进入状态 2
    STRUCT  偏移，并进入状态 3

    $end  使用规则 3 以归约 (ExtDefList)

    Program          转到状态 4
    ExtDefList       转到状态 5
    ExtDef           转到状态 6
    Specifier        转到状态 7
    StructSpecifier  转到状态 8


状态 1

    6 ExtDef: error • SEMI

    SEMI  偏移，并进入状态 9


状态 2

   10 Specifier: TYPE •

    $default  使用规则 10 以归约 (Specifier)


状态 3

   12 StructSpecifier: STRUCT • OptTag LC DefList RC
   13                | STRUCT • Tag

    ID  偏移，并进入状态 10

    $default  使用规则 15 以归约 (OptTag)

    OptTag  转到状态 11
    Tag     转到状态 12


状态 4

    0 $accept: Program • $end

    $end  偏移，并进入状态 13


状态 5

    1 Program: ExtDefList •

    $default  使用规则 1 以归约 (Program)


状态 6

    2 ExtDefList: ExtDef • ExtDefList

    error   偏移，并进入状态 1
    TYPE    偏移，并进入状态 2
    STRUCT  偏移，并进入状态 3

    $end  使用规则 3 以归约 (ExtDefList)

    ExtDefList       转到状态 14
    ExtDef           转到状态 6
    Specifier        转到状态 7
    StructSpecifier  转到状态 8


状态 7

    4 ExtDef: Specifier • ExtDecList SEMI
    5       | Specifier • SEMI
    7       | Specifier • FunDec CompSt

    ID    偏移，并进入状态 15
    SEMI  偏移，并进入状态 16

    ExtDecList  转到状态 17
    FunDec      转到状态 18
    VarDec      转到状态 19


状态 8

   11 Specifier: StructSpecifier •

    $default  使用规则 11 以归约 (Specifier)


状态 9

    6 ExtDef: error SEMI •

    $default  使用规则 6 以归约 (ExtDef)


状态 10

   14 OptTag: ID •
   16 Tag: ID •

    LC        使用规则 14 以归约 (OptTag)
    $default  使用规则 16 以归约 (Tag)


状态 11

   12 StructSpecifier: STRUCT OptTag • LC DefList RC

    LC  偏移，并进入状态 20


状态 12

   13 StructSpecifier: STRUCT Tag •

    $default  使用规则 13 以归约 (StructSpecifier)


状态 13

    0 $accept: Program $end •

    $default  接受


状态 14

    2 ExtDefList: ExtDef ExtDefList •

    $default  使用规则 2 以归约 (ExtDefList)


状态 15

   17 FunDec: ID • LP VarList RP
   18       | ID • LP RP
   19 VarDec: ID •

    LP  偏移，并进入状态 21

    $default  使用规则 19 以归约 (VarDec)


状态 16

    5 ExtDef: Specifier SEMI •

    $default  使用规则 5 以归约 (ExtDef)


状态 17

    4 ExtDef: Specifier ExtDecList • SEMI

    SEMI  偏移，并进入状态 22


状态 18

    7 ExtDef: Specifier FunDec • CompSt

    LC  偏移，并进入状态 23

    CompSt  转到状态 24


状态 19

    8 ExtDecList: VarDec •
    9           | VarDec • COMMA ExtDecList
   20 VarDec: VarDec • LB INT RB

    COMMA  偏移，并进入状态 25
    LB     偏移，并进入状态 26

    $default  使用规则 8 以归约 (ExtDecList)


状态 20

   12 StructSpecifier: STRUCT OptTag LC • DefList RC

    TYPE    偏移，并进入状态 2
    STRUCT  偏移，并进入状态 3

    $default  使用规则 37 以归约 (DefList)

    Specifier        转到状态 27
    StructSpecifier  转到状态 8
    DefList          转到状态 28
    Def              转到状态 29


状态 21

   17 FunDec: ID LP • VarList RP
   18       | ID LP • RP

    TYPE    偏移，并进入状态 2
    RP      偏移，并进入状态 30
    STRUCT  偏移，并进入状态 3

    Specifier        转到状态 31
    StructSpecifier  转到状态 8
    VarList          转到状态 32
    ParamDec         转到状态 33


状态 22

    4 ExtDef: Specifier ExtDecList SEMI •

    $default  使用规则 4 以归约 (ExtDef)


状态 23

   24 CompSt: LC • DefList StmtList RC

    TYPE    偏移，并进入状态 2
    STRUCT  偏移，并进入状态 3

    $default  使用规则 37 以归约 (DefList)

    Specifier        转到状态 27
    StructSpecifier  转到状态 8
    DefList          转到状态 34
    Def              转到状态 29


状态 24

    7 ExtDef: Specifier FunDec CompSt •

    $default  使用规则 7 以归约 (ExtDef)


状态 25

    9 ExtDecList: VarDec COMMA • ExtDecList

    ID  偏移，并进入状态 35

    ExtDecList  转到状态 36
    VarDec      转到状态 19


状态 26

   20 VarDec: VarDec LB • INT RB

    INT  偏移，并进入状态 37


状态 27

   38 Def: Specifier • DecList SEMI
   39    | Specifier • DecList error SEMI
   40    | Specifier • error SEMI

    error  偏移，并进入状态 38
    ID     偏移，并进入状态 35

    VarDec   转到状态 39
    DecList  转到状态 40
    Dec      转到状态 41


状态 28

   12 StructSpecifier: STRUCT OptTag LC DefList • RC

    RC  偏移，并进入状态 42


状态 29

   36 DefList: Def • DefList

    TYPE    偏移，并进入状态 2
    STRUCT  偏移，并进入状态 3

    $default  使用规则 37 以归约 (DefList)

    Specifier        转到状态 27
    StructSpecifier  转到状态 8
    DefList          转到状态 43
    Def              转到状态 29


状态 30

   18 FunDec: ID LP RP •

    $default  使用规则 18 以归约 (FunDec)


状态 31

   23 ParamDec: Specifier • VarDec

    ID  偏移，并进入状态 35

    VarDec  转到状态 44


状态 32

   17 FunDec: ID LP VarList • RP

    RP  偏移，并进入状态 45


状态 33

   21 VarList: ParamDec • COMMA VarList
   22        | ParamDec •

    COMMA  偏移，并进入状态 46

    $default  使用规则 22 以归约 (VarList)


状态 34

   24 CompSt: LC DefList • StmtList RC

    error   偏移，并进入状态 47
    INT     偏移，并进入状态 48
    FLOAT   偏移，并进入状态 49
    ID      偏移，并进入状态 50
    MINUS   偏移，并进入状态 51
    NOT     偏移，并进入状态 52
    LP      偏移，并进入状态 53
    LC      偏移，并进入状态 23
    IF      偏移，并进入状态 54
    WHILE   偏移，并进入状态 55
    RETURN  偏移，并进入状态 56

    RC  使用规则 26 以归约 (StmtList)

    CompSt    转到状态 57
    StmtList  转到状态 58
    Stmt      转到状态 59
    Exp       转到状态 60


状态 35

   19 VarDec: ID •

    $default  使用规则 19 以归约 (VarDec)


状态 36

    9 ExtDecList: VarDec COMMA ExtDecList •

    $default  使用规则 9 以归约 (ExtDecList)


状态 37

   20 VarDec: VarDec LB INT • RB

    RB  偏移，并进入状态 61


状态 38

   40 Def: Specifier error • SEMI

    SEMI  偏移，并进入状态 62


状态 39

   20 VarDec: VarDec • LB INT RB
   43 Dec: VarDec •
   44    | VarDec • ASSIGNOP Exp

    ASSIGNOP  偏移，并进入状态 63
    LB        偏移，并进入状态 26

    $default  使用规则 43 以归约 (Dec)


状态 40

   38 Def: Specifier DecList • SEMI
   39    | Specifier DecList • error SEMI

    error  偏移，并进入状态 64
    SEMI   偏移，并进入状态 65


状态 41

   41 DecList: Dec •
   42        | Dec • COMMA DecList

    COMMA  偏移，并进入状态 66

    $default  使用规则 41 以归约 (DecList)


状态 42

   12 StructSpecifier: STRUCT OptTag LC DefList RC •

    $default  使用规则 12 以归约 (StructSpecifier)


状态 43

   36 DefList: Def DefList •

    $default  使用规则 36 以归约 (DefList)


状态 44

   20 VarDec: VarDec • LB INT RB
   23 ParamDec: Specifier VarDec •

    LB  偏移，并进入状态 26

    $default  使用规则 23 以归约 (ParamDec)


状态 45

   17 FunDec: ID LP VarList RP •

    $default  使用规则 17 以归约 (FunDec)


状态 46

   21 VarList: ParamDec COMMA • VarList

    TYPE    偏移，并进入状态 2
    STRUCT  偏移，并进入状态 3

    Specifier        转到状态 31
    StructSpecifier  转到状态 8
    VarList          转到状态 67
    ParamDec         转到状态 33


状态 47

   33 Stmt: error • SEMI
   34     | error • RP

    SEMI  偏移，并进入状态 68
    RP    偏移，并进入状态 69


状态 48

   61 Exp: INT •

    $default  使用规则 61 以归约 (Exp)


状态 49

   62 Exp: FLOAT •

    $default  使用规则 62 以归约 (Exp)


状态 50

   56 Exp: ID • LP Args RP
   57    | ID • LP RP
   60    | ID •

    LP  偏移，并进入状态 70

    $default  使用规则 60 以归约 (Exp)


状态 51

   54 Exp: MINUS • Exp

    INT    偏移，并进入状态 48
    FLOAT  偏移，并进入状态 49
    ID     偏移，并进入状态 50
    MINUS  偏移，并进入状态 51
    NOT    偏移，并进入状态 52
    LP     偏移，并进入状态 53

    Exp  转到状态 71


状态 52

   55 Exp: NOT • Exp

    INT    偏移，并进入状态 48
    FLOAT  偏移，并进入状态 49
    ID     偏移，并进入状态 50
    MINUS  偏移，并进入状态 51
    NOT    偏移，并进入状态 52
    LP     偏移，并进入状态 53

    Exp  转到状态 72


状态 53

   53 Exp: LP • Exp RP

    INT    偏移，并进入状态 48
    FLOAT  偏移，并进入状态 49
    ID     偏移，并进入状态 50
    MINUS  偏移，并进入状态 51
    NOT    偏移，并进入状态 52
    LP     偏移，并进入状态 53

    Exp  转到状态 73


状态 54

   30 Stmt: IF • LP Exp RP Stmt
   31     | IF • LP Exp RP Stmt ELSE Stmt

    LP  偏移，并进入状态 74


状态 55

   32 Stmt: WHILE • LP Exp RP Stmt

    LP  偏移，并进入状态 75


状态 56

   29 Stmt: RETURN • Exp SEMI

    INT    偏移，并进入状态 48
    FLOAT  偏移，并进入状态 49
    ID     偏移，并进入状态 50
    MINUS  偏移，并进入状态 51
    NOT    偏移，并进入状态 52
    LP     偏移，并进入状态 53

    Exp  转到状态 76


状态 57

   28 Stmt: CompSt •

    $default  使用规则 28 以归约 (Stmt)


状态 58

   24 CompSt: LC DefList StmtList • RC

    RC  偏移，并进入状态 77


状态 59

   25 StmtList: Stmt • StmtList

    error   偏移，并进入状态 47
    INT     偏移，并进入状态 48
    FLOAT   偏移，并进入状态 49
    ID      偏移，并进入状态 50
    MINUS   偏移，并进入状态 51
    NOT     偏移，并进入状态 52
    LP      偏移，并进入状态 53
    LC      偏移，并进入状态 23
    IF      偏移，并进入状态 54
    WHILE   偏移，并进入状态 55
    RETURN  偏移，并进入状态 56

    RC  使用规则 26 以归约 (StmtList)

    CompSt    转到状态 57
    StmtList  转到状态 78
    Stmt      转到状态 59
    Exp       转到状态 60


状态 60

   27 Stmt: Exp • SEMI
   35     | Exp • error SEMI
   45 Exp: Exp • ASSIGNOP Exp
   46    | Exp • AND Exp
   47    | Exp • OR Exp
   48    | Exp • RELOP Exp
   49    | Exp • PLUS Exp
   50    | Exp • MINUS Exp
   51    | Exp • STAR Exp
   52    | Exp • DIV Exp
   58    | Exp • LB Exp RB
   59    | Exp • DOT ID

    error     偏移，并进入状态 79
    DOT       偏移，并进入状态 80
    SEMI      偏移，并进入状态 81
    RELOP     偏移，并进入状态 82
    ASSIGNOP  偏移，并进入状态 83
    PLUS      偏移，并进入状态 84
    MINUS     偏移，并进入状态 85
    STAR      偏移，并进入状态 86
    DIV       偏移，并进入状态 87
    AND       偏移，并进入状态 88
    OR        偏移，并进入状态 89
    LB        偏移，并进入状态 90


状态 61

   20 VarDec: VarDec LB INT RB •

    $default  使用规则 20 以归约 (VarDec)


状态 62

   40 Def: Specifier error SEMI •

    $default  使用规则 40 以归约 (Def)


状态 63

   44 Dec: VarDec ASSIGNOP • Exp

    INT    偏移，并进入状态 48
    FLOAT  偏移，并进入状态 49
    ID     偏移，并进入状态 50
    MINUS  偏移，并进入状态 51
    NOT    偏移，并进入状态 52
    LP     偏移，并进入状态 53

    Exp  转到状态 91


状态 64

   39 Def: Specifier DecList error • SEMI

    SEMI  偏移，并进入状态 92


状态 65

   38 Def: Specifier DecList SEMI •

    $default  使用规则 38 以归约 (Def)


状态 66

   42 DecList: Dec COMMA • DecList

    ID  偏移，并进入状态 35

    VarDec   转到状态 39
    DecList  转到状态 93
    Dec      转到状态 41


状态 67

   21 VarList: ParamDec COMMA VarList •

    $default  使用规则 21 以归约 (VarList)


状态 68

   33 Stmt: error SEMI •

    $default  使用规则 33 以归约 (Stmt)


状态 69

   34 Stmt: error RP •

    $default  使用规则 34 以归约 (Stmt)


状态 70

   56 Exp: ID LP • Args RP
   57    | ID LP • RP

    INT    偏移，并进入状态 48
    FLOAT  偏移，并进入状态 49
    ID     偏移，并进入状态 50
    MINUS  偏移，并进入状态 51
    NOT    偏移，并进入状态 52
    LP     偏移，并进入状态 53
    RP     偏移，并进入状态 94

    Exp   转到状态 95
    Args  转到状态 96


状态 71

   45 Exp: Exp • ASSIGNOP Exp
   46    | Exp • AND Exp
   47    | Exp • OR Exp
   48    | Exp • RELOP Exp
   49    | Exp • PLUS Exp
   50    | Exp • MINUS Exp
   51    | Exp • STAR Exp
   52    | Exp • DIV Exp
   54    | MINUS Exp •
   58    | Exp • LB Exp RB
   59    | Exp • DOT ID

    DOT   偏移，并进入状态 80
    STAR  偏移，并进入状态 86
    DIV   偏移，并进入状态 87
    LB    偏移，并进入状态 90

    $default  使用规则 54 以归约 (Exp)


状态 72

   45 Exp: Exp • ASSIGNOP Exp
   46    | Exp • AND Exp
   47    | Exp • OR Exp
   48    | Exp • RELOP Exp
   49    | Exp • PLUS Exp
   50    | Exp • MINUS Exp
   51    | Exp • STAR Exp
   52    | Exp • DIV Exp
   55    | NOT Exp •
   58    | Exp • LB Exp RB
   59    | Exp • DOT ID

    DOT  偏移，并进入状态 80
    LB   偏移，并进入状态 90

    $default  使用规则 55 以归约 (Exp)


状态 73

   45 Exp: Exp • ASSIGNOP Exp
   46    | Exp • AND Exp
   47    | Exp • OR Exp
   48    | Exp • RELOP Exp
   49    | Exp • PLUS Exp
   50    | Exp • MINUS Exp
   51    | Exp • STAR Exp
   52    | Exp • DIV Exp
   53    | LP Exp • RP
   58    | Exp • LB Exp RB
   59    | Exp • DOT ID

    DOT       偏移，并进入状态 80
    RELOP     偏移，并进入状态 82
    ASSIGNOP  偏移，并进入状态 83
    PLUS      偏移，并进入状态 84
    MINUS     偏移，并进入状态 85
    STAR      偏移，并进入状态 86
    DIV       偏移，并进入状态 87
    AND       偏移，并进入状态 88
    OR        偏移，并进入状态 89
    RP        偏移，并进入状态 97
    LB        偏移，并进入状态 90


状态 74

   30 Stmt: IF LP • Exp RP Stmt
   31     | IF LP • Exp RP Stmt ELSE Stmt

    INT    偏移，并进入状态 48
    FLOAT  偏移，并进入状态 49
    ID     偏移，并进入状态 50
    MINUS  偏移，并进入状态 51
    NOT    偏移，并进入状态 52
    LP     偏移，并进入状态 53

    Exp  转到状态 98


状态 75

   32 Stmt: WHILE LP • Exp RP Stmt

    INT    偏移，并进入状态 48
    FLOAT  偏移，并进入状态 49
    ID     偏移，并进入状态 50
    MINUS  偏移，并进入状态 51
    NOT    偏移，并进入状态 52
    LP     偏移，并进入状态 53

    Exp  转到状态 99


状态 76

   29 Stmt: RETURN Exp • SEMI
   45 Exp: Exp • ASSIGNOP Exp
   46    | Exp • AND Exp
   47    | Exp • OR Exp
   48    | Exp • RELOP Exp
   49    | Exp • PLUS Exp
   50    | Exp • MINUS Exp
   51    | Exp • STAR Exp
   52    | Exp • DIV Exp
   58    | Exp • LB Exp RB
   59    | Exp • DOT ID

    DOT       偏移，并进入状态 80
    SEMI      偏移，并进入状态 100
    RELOP     偏移，并进入状态 82
    ASSIGNOP  偏移，并进入状态 83
    PLUS      偏移，并进入状态 84
    MINUS     偏移，并进入状态 85
    STAR      偏移，并进入状态 86
    DIV       偏移，并进入状态 87
    AND       偏移，并进入状态 88
    OR        偏移，并进入状态 89
    LB        偏移，并进入状态 90


状态 77

   24 CompSt: LC DefList StmtList RC •

    $default  使用规则 24 以归约 (CompSt)


状态 78

   25 StmtList: Stmt StmtList •

    $default  使用规则 25 以归约 (StmtList)


状态 79

   35 Stmt: Exp error • SEMI

    SEMI  偏移，并进入状态 101


状态 80

   59 Exp: Exp DOT • ID

    ID  偏移，并进入状态 102


状态 81

   27 Stmt: Exp SEMI •

    $default  使用规则 27 以归约 (Stmt)


状态 82

   48 Exp: Exp RELOP • Exp

    INT    偏移，并进入状态 48
    FLOAT  偏移，并进入状态 49
    ID     偏移，并进入状态 50
    MINUS  偏移，并进入状态 51
    NOT    偏移，并进入状态 52
    LP     偏移，并进入状态 53

    Exp  转到状态 103


状态 83

   45 Exp: Exp ASSIGNOP • Exp

    INT    偏移，并进入状态 48
    FLOAT  偏移，并进入状态 49
    ID     偏移，并进入状态 50
    MINUS  偏移，并进入状态 51
    NOT    偏移，并进入状态 52
    LP     偏移，并进入状态 53

    Exp  转到状态 104


状态 84

   49 Exp: Exp PLUS • Exp

    INT    偏移，并进入状态 48
    FLOAT  偏移，并进入状态 49
    ID     偏移，并进入状态 50
    MINUS  偏移，并进入状态 51
    NOT    偏移，并进入状态 52
    LP     偏移，并进入状态 53

    Exp  转到状态 105


状态 85

   50 Exp: Exp MINUS • Exp

    INT    偏移，并进入状态 48
    FLOAT  偏移，并进入状态 49
    ID     偏移，并进入状态 50
    MINUS  偏移，并进入状态 51
    NOT    偏移，并进入状态 52
    LP     偏移，并进入状态 53

    Exp  转到状态 106


状态 86

   51 Exp: Exp STAR • Exp

    INT    偏移，并进入状态 48
    FLOAT  偏移，并进入状态 49
    ID     偏移，并进入状态 50
    MINUS  偏移，并进入状态 51
    NOT    偏移，并进入状态 52
    LP     偏移，并进入状态 53

    Exp  转到状态 107


状态 87

   52 Exp: Exp DIV • Exp

    INT    偏移，并进入状态 48
    FLOAT  偏移，并进入状态 49
    ID     偏移，并进入状态 50
    MINUS  偏移，并进入状态 51
    NOT    偏移，并进入状态 52
    LP     偏移，并进入状态 53

    Exp  转到状态 108


状态 88

   46 Exp: Exp AND • Exp

    INT    偏移，并进入状态 48
    FLOAT  偏移，并进入状态 49
    ID     偏移，并进入状态 50
    MINUS  偏移，并进入状态 51
    NOT    偏移，并进入状态 52
    LP     偏移，并进入状态 53

    Exp  转到状态 109


状态 89

   47 Exp: Exp OR • Exp

    INT    偏移，并进入状态 48
    FLOAT  偏移，并进入状态 49
    ID     偏移，并进入状态 50
    MINUS  偏移，并进入状态 51
    NOT    偏移，并进入状态 52
    LP     偏移，并进入状态 53

    Exp  转到状态 110


状态 90

   58 Exp: Exp LB • Exp RB

    INT    偏移，并进入状态 48
    FLOAT  偏移，并进入状态 49
    ID     偏移，并进入状态 50
    MINUS  偏移，并进入状态 51
    NOT    偏移，并进入状态 52
    LP     偏移，并进入状态 53

    Exp  转到状态 111


状态 91

   44 Dec: VarDec ASSIGNOP Exp •
   45 Exp: Exp • ASSIGNOP Exp
   46    | Exp • AND Exp
   47    | Exp • OR Exp
   48    | Exp • RELOP Exp
   49    | Exp • PLUS Exp
   50    | Exp • MINUS Exp
   51    | Exp • STAR Exp
   52    | Exp • DIV Exp
   58    | Exp • LB Exp RB
   59    | Exp • DOT ID

    DOT       偏移，并进入状态 80
    RELOP     偏移，并进入状态 82
    ASSIGNOP  偏移，并进入状态 83
    PLUS      偏移，并进入状态 84
    MINUS     偏移，并进入状态 85
    STAR      偏移，并进入状态 86
    DIV       偏移，并进入状态 87
    AND       偏移，并进入状态 88
    OR        偏移，并进入状态 89
    LB        偏移，并进入状态 90

    $default  使用规则 44 以归约 (Dec)


状态 92

   39 Def: Specifier DecList error SEMI •

    $default  使用规则 39 以归约 (Def)


状态 93

   42 DecList: Dec COMMA DecList •

    $default  使用规则 42 以归约 (DecList)


状态 94

   57 Exp: ID LP RP •

    $default  使用规则 57 以归约 (Exp)


状态 95

   45 Exp: Exp • ASSIGNOP Exp
   46    | Exp • AND Exp
   47    | Exp • OR Exp
   48    | Exp • RELOP Exp
   49    | Exp • PLUS Exp
   50    | Exp • MINUS Exp
   51    | Exp • STAR Exp
   52    | Exp • DIV Exp
   58    | Exp • LB Exp RB
   59    | Exp • DOT ID
   63 Args: Exp • COMMA Args
   64     | Exp •

    COMMA     偏移，并进入状态 112
    DOT       偏移，并进入状态 80
    RELOP     偏移，并进入状态 82
    ASSIGNOP  偏移，并进入状态 83
    PLUS      偏移，并进入状态 84
    MINUS     偏移，并进入状态 85
    STAR      偏移，并进入状态 86
    DIV       偏移，并进入状态 87
    AND       偏移，并进入状态 88
    OR        偏移，并进入状态 89
    LB        偏移，并进入状态 90

    $default  使用规则 64 以归约 (Args)


状态 96

   56 Exp: ID LP Args • RP

    RP  偏移，并进入状态 113


状态 97

   53 Exp: LP Exp RP •

    $default  使用规则 53 以归约 (Exp)


状态 98

   30 Stmt: IF LP Exp • RP Stmt
   31     | IF LP Exp • RP Stmt ELSE Stmt
   45 Exp: Exp • ASSIGNOP Exp
   46    | Exp • AND Exp
   47    | Exp • OR Exp
   48    | Exp • RELOP Exp
   49    | Exp • PLUS Exp
   50    | Exp • MINUS Exp
   51    | Exp • STAR Exp
   52    | Exp • DIV Exp
   58    | Exp • LB Exp RB
   59    | Exp • DOT ID

    DOT       偏移，并进入状态 80
    RELOP     偏移，并进入状态 82
    ASSIGNOP  偏移，并进入状态 83
    PLUS      偏移，并进入状态 84
    MINUS     偏移，并进入状态 85
    STAR      偏移，并进入状态 86
    DIV       偏移，并进入状态 87
    AND       偏移，并进入状态 88
    OR        偏移，并进入状态 89
    RP        偏移，并进入状态 114
    LB        偏移，并进入状态 90


状态 99

   32 Stmt: WHILE LP Exp • RP Stmt
   45 Exp: Exp • ASSIGNOP Exp
   46    | Exp • AND Exp
   47    | Exp • OR Exp
   48    | Exp • RELOP Exp
   49    | Exp • PLUS Exp
   50    | Exp • MINUS Exp
   51    | Exp • STAR Exp
   52    | Exp • DIV Exp
   58    | Exp • LB Exp RB
   59    | Exp • DOT ID

    DOT       偏移，并进入状态 80
    RELOP     偏移，并进入状态 82
    ASSIGNOP  偏移，并进入状态 83
    PLUS      偏移，并进入状态 84
    MINUS     偏移，并进入状态 85
    STAR      偏移，并进入状态 86
    DIV       偏移，并进入状态 87
    AND       偏移，并进入状态 88
    OR        偏移，并进入状态 89
    RP        偏移，并进入状态 115
    LB        偏移，并进入状态 90


状态 100

   29 Stmt: RETURN Exp SEMI •

    $default  使用规则 29 以归约 (Stmt)


状态 101

   35 Stmt: Exp error SEMI •

    $default  使用规则 35 以归约 (Stmt)


状态 102

   59 Exp: Exp DOT ID •

    $default  使用规则 59 以归约 (Exp)


状态 103

   45 Exp: Exp • ASSIGNOP Exp
   46    | Exp • AND Exp
   47    | Exp • OR Exp
   48    | Exp • RELOP Exp
   48    | Exp RELOP Exp •
   49    | Exp • PLUS Exp
   50    | Exp • MINUS Exp
   51    | Exp • STAR Exp
   52    | Exp • DIV Exp
   58    | Exp • LB Exp RB
   59    | Exp • DOT ID

    DOT    偏移，并进入状态 80
    PLUS   偏移，并进入状态 84
    MINUS  偏移，并进入状态 85
    STAR   偏移，并进入状态 86
    DIV    偏移，并进入状态 87
    LB     偏移，并进入状态 90

    $default  使用规则 48 以归约 (Exp)


状态 104

   45 Exp: Exp • ASSIGNOP Exp
   45    | Exp ASSIGNOP Exp •
   46    | Exp • AND Exp
   47    | Exp • OR Exp
   48    | Exp • RELOP Exp
   49    | Exp • PLUS Exp
   50    | Exp • MINUS Exp
   51    | Exp • STAR Exp
   52    | Exp • DIV Exp
   58    | Exp • LB Exp RB
   59    | Exp • DOT ID

    DOT       偏移，并进入状态 80
    RELOP     偏移，并进入状态 82
    ASSIGNOP  偏移，并进入状态 83
    PLUS      偏移，并进入状态 84
    MINUS     偏移，并进入状态 85
    STAR      偏移，并进入状态 86
    DIV       偏移，并进入状态 87
    AND       偏移，并进入状态 88
    OR        偏移，并进入状态 89
    LB        偏移，并进入状态 90

    $default  使用规则 45 以归约 (Exp)


状态 105

   45 Exp: Exp • ASSIGNOP Exp
   46    | Exp • AND Exp
   47    | Exp • OR Exp
   48    | Exp • RELOP Exp
   49    | Exp • PLUS Exp
   49    | Exp PLUS Exp •
   50    | Exp • MINUS Exp
   51    | Exp • STAR Exp
   52    | Exp • DIV Exp
   58    | Exp • LB Exp RB
   59    | Exp • DOT ID

    DOT   偏移，并进入状态 80
    STAR  偏移，并进入状态 86
    DIV   偏移，并进入状态 87
    LB    偏移，并进入状态 90

    $default  使用规则 49 以归约 (Exp)


状态 106

   45 Exp: Exp • ASSIGNOP Exp
   46    | Exp • AND Exp
   47    | Exp • OR Exp
   48    | Exp • RELOP Exp
   49    | Exp • PLUS Exp
   50    | Exp • MINUS Exp
   50    | Exp MINUS Exp •
   51    | Exp • STAR Exp
   52    | Exp • DIV Exp
   58    | Exp • LB Exp RB
   59    | Exp • DOT ID

    DOT   偏移，并进入状态 80
    STAR  偏移，并进入状态 86
    DIV   偏移，并进入状态 87
    LB    偏移，并进入状态 90

    $default  使用规则 50 以归约 (Exp)


状态 107

   45 Exp: Exp • ASSIGNOP Exp
   46    | Exp • AND Exp
   47    | Exp • OR Exp
   48    | Exp • RELOP Exp
   49    | Exp • PLUS Exp
   50    | Exp • MINUS Exp
   51    | Exp • STAR Exp
   51    | Exp STAR Exp •
   52    | Exp • DIV Exp
   58    | Exp • LB Exp RB
   59    | Exp • DOT ID

    DOT  偏移，并进入状态 80
    LB   偏移，并进入状态 90

    $default  使用规则 51 以归约 (Exp)


状态 108

   45 Exp: Exp • ASSIGNOP Exp
   46    | Exp • AND Exp
   47    | Exp • OR Exp
   48    | Exp • RELOP Exp
   49    | Exp • PLUS Exp
   50    | Exp • MINUS Exp
   51    | Exp • STAR Exp
   52    | Exp • DIV Exp
   52    | Exp DIV Exp •
   58    | Exp • LB Exp RB
   59    | Exp • DOT ID

    DOT  偏移，并进入状态 80
    LB   偏移，并进入状态 90

    $default  使用规则 52 以归约 (Exp)


状态 109

   45 Exp: Exp • ASSIGNOP Exp
   46    | Exp • AND Exp
   46    | Exp AND Exp •
   47    | Exp • OR Exp
   48    | Exp • RELOP Exp
   49    | Exp • PLUS Exp
   50    | Exp • MINUS Exp
   51    | Exp • STAR Exp
   52    | Exp • DIV Exp
   58    | Exp • LB Exp RB
   59    | Exp • DOT ID

    DOT    偏移，并进入状态 80
    RELOP  偏移，并进入状态 82
    PLUS   偏移，并进入状态 84
    MINUS  偏移，并进入状态 85
    STAR   偏移，并进入状态 86
    DIV    偏移，并进入状态 87
    LB     偏移，并进入状态 90

    $default  使用规则 46 以归约 (Exp)


状态 110

   45 Exp: Exp • ASSIGNOP Exp
   46    | Exp • AND Exp
   47    | Exp • OR Exp
   47    | Exp OR Exp •
   48    | Exp • RELOP Exp
   49    | Exp • PLUS Exp
   50    | Exp • MINUS Exp
   51    | Exp • STAR Exp
   52    | Exp • DIV Exp
   58    | Exp • LB Exp RB
   59    | Exp • DOT ID

    DOT    偏移，并进入状态 80
    RELOP  偏移，并进入状态 82
    PLUS   偏移，并进入状态 84
    MINUS  偏移，并进入状态 85
    STAR   偏移，并进入状态 86
    DIV    偏移，并进入状态 87
    AND    偏移，并进入状态 88
    LB     偏移，并进入状态 90

    $default  使用规则 47 以归约 (Exp)


状态 111

   45 Exp: Exp • ASSIGNOP Exp
   46    | Exp • AND Exp
   47    | Exp • OR Exp
   48    | Exp • RELOP Exp
   49    | Exp • PLUS Exp
   50    | Exp • MINUS Exp
   51    | Exp • STAR Exp
   52    | Exp • DIV Exp
   58    | Exp • LB Exp RB
   58    | Exp LB Exp • RB
   59    | Exp • DOT ID

    DOT       偏移，并进入状态 80
    RELOP     偏移，并进入状态 82
    ASSIGNOP  偏移，并进入状态 83
    PLUS      偏移，并进入状态 84
    MINUS     偏移，并进入状态 85
    STAR      偏移，并进入状态 86
    DIV       偏移，并进入状态 87
    AND       偏移，并进入状态 88
    OR        偏移，并进入状态 89
    LB        偏移，并进入状态 90
    RB        偏移，并进入状态 116


状态 112

   63 Args: Exp COMMA • Args

    INT    偏移，并进入状态 48
    FLOAT  偏移，并进入状态 49
    ID     偏移，并进入状态 50
    MINUS  偏移，并进入状态 51
    NOT    偏移，并进入状态 52
    LP     偏移，并进入状态 53

    Exp   转到状态 95
    Args  转到状态 117


状态 113

   56 Exp: ID LP Args RP •

    $default  使用规则 56 以归约 (Exp)


状态 114

   30 Stmt: IF LP Exp RP • Stmt
   31     | IF LP Exp RP • Stmt ELSE Stmt

    error   偏移，并进入状态 47
    INT     偏移，并进入状态 48
    FLOAT   偏移，并进入状态 49
    ID      偏移，并进入状态 50
    MINUS   偏移，并进入状态 51
    NOT     偏移，并进入状态 52
    LP      偏移，并进入状态 53
    LC      偏移，并进入状态 23
    IF      偏移，并进入状态 54
    WHILE   偏移，并进入状态 55
    RETURN  偏移，并进入状态 56

    CompSt  转到状态 57
    Stmt    转到状态 118
    Exp     转到状态 60


状态 115

   32 Stmt: WHILE LP Exp RP • Stmt

    error   偏移，并进入状态 47
    INT     偏移，并进入状态 48
    FLOAT   偏移，并进入状态 49
    ID      偏移，并进入状态 50
    MINUS   偏移，并进入状态 51
    NOT     偏移，并进入状态 52
    LP      偏移，并进入状态 53
    LC      偏移，并进入状态 23
    IF      偏移，并进入状态 54
    WHILE   偏移，并进入状态 55
    RETURN  偏移，并进入状态 56

    CompSt  转到状态 57
    Stmt    转到状态 119
    Exp     转到状态 60


状态 116

   58 Exp: Exp LB Exp RB •

    $default  使用规则 58 以归约 (Exp)


状态 117

   63 Args: Exp COMMA Args •

    $default  使用规则 63 以归约 (Args)


状态 118

   30 Stmt: IF LP Exp RP Stmt •
   31     | IF LP Exp RP Stmt • ELSE Stmt

    ELSE  偏移，并进入状态 120

    $default  使用规则 30 以归约 (Stmt)


状态 119

   32 Stmt: WHILE LP Exp RP Stmt •

    $default  使用规则 32 以归约 (Stmt)


状态 120

   31 Stmt: IF LP Exp RP Stmt ELSE • Stmt

    error   偏移，并进入状态 47
    INT     偏移，并进入状态 48
    FLOAT   偏移，并进入状态 49
    ID      偏移，并进入状态 50
    MINUS   偏移，并进入状态 51
    NOT     偏移，并进入状态 52
    LP      偏移，并进入状态 53
    LC      偏移，并进入状态 23
    IF      偏移，并进入状态 54
    WHILE   偏移，并进入状态 55
    RETURN  偏移，并进入状态 56

    CompSt  转到状态 57
    Stmt    转到状态 121
    Exp     转到状态 60


状态 121

   31 Stmt: IF LP Exp RP Stmt ELSE Stmt •

    $default  使用规则 31 以归约 (Stmt)
